<?xml version="1.0" encoding="UTF-8"?>
<testsuite xmlns:xsi="http://www.w3.org/2001/XMLSchema-instance" xsi:noNamespaceSchemaLocation="https://maven.apache.org/surefire/maven-surefire-plugin/xsd/surefire-test-report-3.0.xsd" version="3.0" name="vstr.DemoVstr22ApplicationTests" time="23.43" tests="1" errors="0" skipped="0" failures="0">
  <properties>
[...]
</properties>
  <testcase name="contextLoads" classname="vstr.DemoVstr22ApplicationTests" time="1.181">
    <system-out><![CDATA[09:49:45.109 [main] INFO org.springframework.test.context.support.AnnotationConfigContextLoaderUtils -- Could not detect default configuration classes for test class [vstr.DemoVstr22ApplicationTests]: DemoVstr22ApplicationTests does not declare any static, non-private, non-final, nested classes annotated with @Configuration.
09:49:45.423 [main] INFO org.springframework.boot.test.context.SpringBootTestContextBootstrapper -- Found @SpringBootConfiguration vstr.DemoVstr22Application for test class vstr.DemoVstr22ApplicationTests
09:49:46.676 [main] INFO org.springframework.boot.devtools.restart.RestartApplicationListener -- Restart disabled due to context in which it is running
,--.   ,--.,---.,--------.,------.        ,--.   ,--.,------.,-----.
 \  `.'  /'   .-'--.  .--'|  .--. ',-----.|  |   |  ||  .---'|  |) /_
  \     / `.  `-.  |  |   |  '--'.''-----'|  |.'.|  ||  `--, |  .-.  \
   \   /  .-'    | |  |   |  |\  \        |   ,'.   ||  `---.|  '--' /
    `-'   `-----'  `--'   `--' '--'       '--'   '--'`------'`------'
2024-11-14T09:49:47.697-05:00  INFO 3104 --- [           main] vstr.DemoVstr22ApplicationTests          : Starting DemoVstr22ApplicationTests using Java 17.0.12 with PID 3104 (started by Usuario in C:\Users\Usuario\Documents\proyecto USBBOG\demo_vstr_v2.1\demo_vstr_v2.1\demo_vstr_2-2)
2024-11-14T09:49:47.702-05:00  INFO 3104 --- [           main] vstr.DemoVstr22ApplicationTests          : No active profile set, falling back to 1 default profile: "default"
2024-11-14T09:49:52.172-05:00  INFO 3104 --- [           main] .s.d.r.c.RepositoryConfigurationDelegate : Bootstrapping Spring Data JPA repositories in DEFAULT mode.
2024-11-14T09:49:53.054-05:00  INFO 3104 --- [           main] .s.d.r.c.RepositoryConfigurationDelegate : Finished Spring Data repository scanning in 755 ms. Found 5 JPA repository interfaces.
2024-11-14T09:49:54.338-05:00  INFO 3104 --- [           main] o.hibernate.jpa.internal.util.LogHelper  : HHH000204: Processing PersistenceUnitInfo [name: default]
2024-11-14T09:49:54.486-05:00  INFO 3104 --- [           main] org.hibernate.Version                    : HHH000412: Hibernate ORM core version 6.2.22.Final
2024-11-14T09:49:54.495-05:00  INFO 3104 --- [           main] org.hibernate.cfg.Environment            : HHH000406: Using bytecode reflection optimizer
2024-11-14T09:49:55.981-05:00  INFO 3104 --- [           main] o.s.o.j.p.SpringPersistenceUnitInfo      : No LoadTimeWeaver setup: ignoring JPA class transformer
2024-11-14T09:49:56.033-05:00  INFO 3104 --- [           main] com.zaxxer.hikari.HikariDataSource       : HikariPool-1 - Starting...
2024-11-14T09:49:58.391-05:00  INFO 3104 --- [           main] com.zaxxer.hikari.pool.HikariPool        : HikariPool-1 - Added connection com.mysql.cj.jdbc.ConnectionImpl@7ff09659
2024-11-14T09:49:58.397-05:00  INFO 3104 --- [           main] com.zaxxer.hikari.HikariDataSource       : HikariPool-1 - Start completed.
2024-11-14T09:50:01.261-05:00  INFO 3104 --- [           main] o.h.e.t.j.p.i.JtaPlatformInitiator       : HHH000489: No JTA platform available (set 'hibernate.transaction.jta.platform' to enable JTA platform integration)
2024-11-14T09:50:03.296-05:00  INFO 3104 --- [           main] j.LocalContainerEntityManagerFactoryBean : Initialized JPA EntityManagerFactory for persistence unit 'default'
2024-11-14T09:50:04.007-05:00  INFO 3104 --- [           main] o.s.d.j.r.query.QueryEnhancerFactory     : Hibernate is in classpath; If applicable, HQL parser will be used.
2024-11-14T09:50:05.285-05:00  WARN 3104 --- [           main] JpaBaseConfiguration$JpaWebConfiguration : spring.jpa.open-in-view is enabled by default. Therefore, database queries may be performed during view rendering. Explicitly configure spring.jpa.open-in-view to disable this warning
2024-11-14T09:50:06.000-05:00  INFO 3104 --- [           main] o.s.s.web.DefaultSecurityFilterChain     : Will secure any request with [org.springframework.security.web.session.DisableEncodeUrlFilter@23182d4d, org.springframework.security.web.context.request.async.WebAsyncManagerIntegrationFilter@22ca5fe1, org.springframework.security.web.context.SecurityContextHolderFilter@2771e501, org.springframework.security.web.header.HeaderWriterFilter@11f6a083, org.springframework.security.web.csrf.CsrfFilter@1077a7, org.springframework.security.web.authentication.logout.LogoutFilter@85446a, org.springframework.security.web.authentication.UsernamePasswordAuthenticationFilter@2298af09, org.springframework.security.web.savedrequest.RequestCacheAwareFilter@3846ba32, org.springframework.security.web.servletapi.SecurityContextHolderAwareRequestFilter@5b0fc8c2, org.springframework.security.web.authentication.AnonymousAuthenticationFilter@45cd5c56, org.springframework.security.web.access.ExceptionTranslationFilter@2c64e2d0, org.springframework.security.web.access.intercept.AuthorizationFilter@667ce5fa]
2024-11-14T09:50:06.991-05:00  INFO 3104 --- [           main] o.s.m.s.b.SimpleBrokerMessageHandler     : Starting...
2024-11-14T09:50:06.993-05:00  INFO 3104 --- [           main] o.s.m.s.b.SimpleBrokerMessageHandler     : BrokerAvailabilityEvent[available=true, SimpleBrokerMessageHandler [org.springframework.messaging.simp.broker.DefaultSubscriptionRegistry@1817f7f0]]
2024-11-14T09:50:06.996-05:00  INFO 3104 --- [           main] o.s.m.s.b.SimpleBrokerMessageHandler     : Started.
2024-11-14T09:50:07.010-05:00  INFO 3104 --- [           main] vstr.DemoVstr22ApplicationTests          : Started DemoVstr22ApplicationTests in 20.428 seconds (process running for 24.969)
]]></system-out>
  </testcase>
</testsuite>